  StuckDetector.cpp
  source.cpp
  CollisionManager.cpp
  SoundManager.cpp
  UITheme.cpp
  StateManager.cpp
  BossState.cpp
  MovementStrategy.cpp
  NavGrid.cpp
  Pathfinder.cpp
  Enemy.cpp
  BattlefieldScreen.cpp
  EventBus.cpp
  GameCompleteScreen.cpp
  GameContext.cpp
  GameController.cpp
  GameOverScreen.cpp
  IEnemyBehavior.cpp
  ITowerFactory.cpp
  LevelUpScreen.cpp
  Компиляция...
  LoadingScreen.cpp
  LoadoutScreenWrapper.cpp
  MainMenuScreen.cpp
  PauseScreen.cpp
  ProgressScreen.cpp
  RankingScreen.cpp
  ResourceCache.cpp
  ResourceManager.cpp
  SafeOperations.cpp
  ScreenBase.cpp
  SpatialIndex.cpp
  TutorialScreen.cpp
  WinScreen.cpp
  CollisionService.cpp
  CombatManager.cpp
  GameStateValidator.cpp
  PlayerInteractionService.cpp
  EffectManager.cpp
  Создание кода
  Previous IPDB not found, fall back to full compilation.
  All 8405 functions were compiled because no usable IPDB/IOBJ from previous compilation was found.
  Создание кода завершено
  defen_synth.vcxproj -> E:\my_code\projects\tasks\c++\defen_synth(pvz_like)\main\defen_synth(pvz_like)\x64\Release\defen_synth.exe
